2022-08-05 13:24:39,355 - loi_producer - INFO - function:main - line:393 - LoiProducer has started
2022-08-05 13:24:39,385 - loi_producer - ERROR - function:<module> - line:478 - An unexpected error has occurred
Traceback (most recent call last):
  File "C:\Users\hp\AppData\Local\Programs\Python\Python310\lib\site-packages\pandas\compat\_optional.py", line 138, in import_optional_dependency
    module = importlib.import_module(name)
  File "C:\Users\hp\AppData\Local\Programs\Python\Python310\lib\importlib\__init__.py", line 126, in import_module
    return _bootstrap._gcd_import(name[level:], package, level)
  File "<frozen importlib._bootstrap>", line 1050, in _gcd_import
  File "<frozen importlib._bootstrap>", line 1027, in _find_and_load
  File "<frozen importlib._bootstrap>", line 1004, in _find_and_load_unlocked
ModuleNotFoundError: No module named 'openpyxl'

During handling of the above exception, another exception occurred:

Traceback (most recent call last):
  File "C:\Users\hp\Downloads\LoiProducer (1)\loi_producer.py", line 476, in <module>
    main(company_name=COMPANY_NAME, logger_object=logger)
  File "C:\Users\hp\Downloads\LoiProducer (1)\loi_producer.py", line 401, in main
    candidate_information: pd.DataFrame = pd.read_excel(CANDIDATE_SHEET_PATH)
  File "C:\Users\hp\AppData\Local\Programs\Python\Python310\lib\site-packages\pandas\util\_decorators.py", line 311, in wrapper
    return func(*args, **kwargs)
  File "C:\Users\hp\AppData\Local\Programs\Python\Python310\lib\site-packages\pandas\io\excel\_base.py", line 457, in read_excel
    io = ExcelFile(io, storage_options=storage_options, engine=engine)
  File "C:\Users\hp\AppData\Local\Programs\Python\Python310\lib\site-packages\pandas\io\excel\_base.py", line 1419, in __init__
    self._reader = self._engines[engine](self._io, storage_options=storage_options)
  File "C:\Users\hp\AppData\Local\Programs\Python\Python310\lib\site-packages\pandas\io\excel\_openpyxl.py", line 524, in __init__
    import_optional_dependency("openpyxl")
  File "C:\Users\hp\AppData\Local\Programs\Python\Python310\lib\site-packages\pandas\compat\_optional.py", line 141, in import_optional_dependency
    raise ImportError(msg)
ImportError: Missing optional dependency 'openpyxl'.  Use pip or conda to install openpyxl.
